{"logTime": "0527/093859", "correlationVector":"Jr86Z3iTWGND3L3K2yFWLO","action":"SyncServerConnectionManagerRequest", "result":"CONNECTION_UNAVAILABLE", "context":{"error_type":"net_error_code", "error_value":"-106"}}
{"logTime": "0527/093939", "correlationVector":"aiZHsLOHRpgPeWz0ROXO7D","action":"SyncServerConnectionManagerRequest", "result":"CONNECTION_UNAVAILABLE", "context":{"error_type":"net_error_code", "error_value":"-106"}}
{"logTime": "0527/112520", "correlationVector":"YStTgZbuZBVga9+ysiAEbA.1","action":"SyncServerConnectionManagerRequest", "result":"SYNC_SERVER_OK", "context":{"environment":"Prod_SoutheastAsia_000j", "migrationStage":"NotStarted", "server":"general01000008"}}
{"logTime": "0527/112520", "correlationVector":"YStTgZbuZBVga9+ysiAEbA","action":"Initial GetUpdates", "result":"", "context":Reason: NEW_CLIENT. cV=YStTgZbuZBVga9+ysiAEbA}
{"logTime": "0527/112520", "correlationVector":"YStTgZbuZBVga9+ysiAEbA.2","action":"GetUpdates Response", "result":"Success", "context":Received 1 update(s). cV=YStTgZbuZBVga9+ysiAEbA.0;server=general01000008;cloudType=Consumer;environment=Prod_SoutheastAsia_000j;migrationStage=NotStarted}
{"logTime": "0527/112520", "correlationVector":"B4jtTUMdrvDJUyi/7E05kS","action":"Initial GetUpdates", "result":"", "context":Reason: NEW_CLIENT. cV=B4jtTUMdrvDJUyi/7E05kS}
{"logTime": "0527/112520", "correlationVector":"B4jtTUMdrvDJUyi/7E05kS.1","action":"SyncServerConnectionManagerRequest", "result":"SYNC_SERVER_OK", "context":{"environment":"Prod_SoutheastAsia_000j", "migrationStage":"NotStarted", "server":"GENERAL0100000E"}}
{"logTime": "0527/112520", "correlationVector":"B4jtTUMdrvDJUyi/7E05kS.2","action":"GetUpdates Response", "result":"Success", "context":Received 104 update(s). cV=B4jtTUMdrvDJUyi/7E05kS.0;server=GENERAL0100000E;cloudType=Consumer;environment=Prod_SoutheastAsia_000j;migrationStage=NotStarted}
{"logTime": "0527/112520", "correlationVector":"A3Ig7ckngeKiEH4bFb/+wA","action":"Normal GetUpdate request", "result":"", "context":cV=A3Ig7ckngeKiEH4bFb/+wA
Nudged types: Device Info, User Consents
Refresh requested types: Device Info, User Consents, Send Tab To Self, Encryption Keys}
{"logTime": "0527/112520", "correlationVector":"A3Ig7ckngeKiEH4bFb/+wA.1","action":"SyncServerConnectionManagerRequest", "result":"SYNC_SERVER_OK", "context":{"environment":"Prod_SoutheastAsia_000j", "migrationStage":"NotStarted", "server":"GENERAL0300002E"}}
{"logTime": "0527/112520", "correlationVector":"A3Ig7ckngeKiEH4bFb/+wA.2","action":"GetUpdates Response", "result":"Success", "context":Received 0 update(s). cV=A3Ig7ckngeKiEH4bFb/+wA.0;server=GENERAL0300002E;cloudType=Consumer;environment=Prod_SoutheastAsia_000j;migrationStage=NotStarted}
{"logTime": "0527/112520", "correlationVector":"75d5YO3XfOKksej1n1T1Ne","action":"Commit Request", "result":"", "context":Item count: 2
Contributing types: Device Info, User Consents}
{"logTime": "0527/112520", "correlationVector":"75d5YO3XfOKksej1n1T1Ne.1","action":"SyncServerConnectionManagerRequest", "result":"SYNC_SERVER_OK", "context":{"environment":"Prod_SoutheastAsia_000j", "migrationStage":"NotStarted", "server":"GENERAL0100000E"}}
{"logTime": "0527/112520", "correlationVector":"75d5YO3XfOKksej1n1T1Ne.2","action":"Commit Response", "result":"Success", "context":Result: Success. cV=75d5YO3XfOKksej1n1T1Ne.0;server=GENERAL0100000E;cloudType=Consumer;environment=Prod_SoutheastAsia_000j;migrationStage=NotStarted}
{"logTime": "0527/112520", "correlationVector":"Q13s596Nx0oI9Vb4mcafJx","action":"SyncServerConnectionManagerRequest", "result":"SYNC_SERVER_OK", "context":{"environment":"", "migrationStage":"", "server":""}}
{"logTime": "0527/112520", "correlationVector":"ZxD7pBF8qSPpr/bvGOcUO6","action":"Normal GetUpdate request", "result":"", "context":cV=ZxD7pBF8qSPpr/bvGOcUO6
Nudged types: Device Info}
{"logTime": "0527/112520", "correlationVector":"ZxD7pBF8qSPpr/bvGOcUO6.1","action":"SyncServerConnectionManagerRequest", "result":"SYNC_SERVER_OK", "context":{"environment":"Prod_SoutheastAsia_000j", "migrationStage":"NotStarted", "server":"GENERAL0300000R"}}
{"logTime": "0527/112520", "correlationVector":"ZxD7pBF8qSPpr/bvGOcUO6.2","action":"GetUpdates Response", "result":"Success", "context":Received 1 update(s). cV=ZxD7pBF8qSPpr/bvGOcUO6.0;server=GENERAL0300000R;cloudType=Consumer;environment=Prod_SoutheastAsia_000j;migrationStage=NotStarted}
{"logTime": "0527/112520", "correlationVector":"2OSNpa5snaGU1GEVDEpnM+","action":"Normal GetUpdate request", "result":"", "context":cV=2OSNpa5snaGU1GEVDEpnM+
Refresh requested types: Device Info, User Consents, Send Tab To Self, Encryption Keys}
{"logTime": "0527/112520", "correlationVector":"2OSNpa5snaGU1GEVDEpnM+.1","action":"SyncServerConnectionManagerRequest", "result":"SYNC_SERVER_OK", "context":{"environment":"Prod_SoutheastAsia_000j", "migrationStage":"NotStarted", "server":"GENERAL0100000J"}}
{"logTime": "0527/112521", "correlationVector":"2OSNpa5snaGU1GEVDEpnM+.2","action":"GetUpdates Response", "result":"Success", "context":Received 0 update(s). cV=2OSNpa5snaGU1GEVDEpnM+.0;server=GENERAL0100000J;cloudType=Consumer;environment=Prod_SoutheastAsia_000j;migrationStage=NotStarted}
{"logTime": "0527/112955", "correlationVector":"00ZIRu5eDoJnVdFm6eYo4K","action":"Normal GetUpdate request", "result":"", "context":cV=00ZIRu5eDoJnVdFm6eYo4K
Refresh requested types: Device Info, User Consents, Send Tab To Self, Encryption Keys}
{"logTime": "0527/112955", "correlationVector":"00ZIRu5eDoJnVdFm6eYo4K.1","action":"SyncServerConnectionManagerRequest", "result":"SYNC_SERVER_OK", "context":{"environment":"Prod_SoutheastAsia_000j", "migrationStage":"NotStarted", "server":"GENERAL0300000K"}}
{"logTime": "0527/112955", "correlationVector":"00ZIRu5eDoJnVdFm6eYo4K.2","action":"GetUpdates Response", "result":"Success", "context":Received 0 update(s). cV=00ZIRu5eDoJnVdFm6eYo4K.0;server=GENERAL0300000K;cloudType=Consumer;environment=Prod_SoutheastAsia_000j;migrationStage=NotStarted}
{"logTime": "0527/121922", "correlationVector":"Y9+On919drgDYqzvIW7QDy.1","action":"SyncServerConnectionManagerRequest", "result":"SYNC_SERVER_OK", "context":{"environment":"Prod_SoutheastAsia_000j", "migrationStage":"NotStarted", "server":"GENERAL0100001L"}}
{"logTime": "0527/121922", "correlationVector":"Y9+On919drgDYqzvIW7QDy","action":"Initial GetUpdates", "result":"", "context":Reason: NEW_CLIENT. cV=Y9+On919drgDYqzvIW7QDy}
{"logTime": "0527/121922", "correlationVector":"Y9+On919drgDYqzvIW7QDy.2","action":"GetUpdates Response", "result":"Success", "context":Received 1 update(s). cV=Y9+On919drgDYqzvIW7QDy.0;server=GENERAL0100001L;cloudType=Consumer;environment=Prod_SoutheastAsia_000j;migrationStage=NotStarted}
{"logTime": "0527/121922", "correlationVector":"HD5aqN5SP7V5qSaZzhCEyi","action":"Normal GetUpdate request", "result":"", "context":cV=HD5aqN5SP7V5qSaZzhCEyi
Refresh requested types: Device Info, User Consents, Send Tab To Self, Encryption Keys}
{"logTime": "0527/121922", "correlationVector":"HD5aqN5SP7V5qSaZzhCEyi.1","action":"SyncServerConnectionManagerRequest", "result":"SYNC_SERVER_OK", "context":{"environment":"Prod_SoutheastAsia_000j", "migrationStage":"NotStarted", "server":"GENERAL03000019"}}
{"logTime": "0527/121922", "correlationVector":"HD5aqN5SP7V5qSaZzhCEyi.2","action":"GetUpdates Response", "result":"Success", "context":Received 0 update(s). cV=HD5aqN5SP7V5qSaZzhCEyi.0;server=GENERAL03000019;cloudType=Consumer;environment=Prod_SoutheastAsia_000j;migrationStage=NotStarted}
{"logTime": "0527/122350", "correlationVector":"eGV8EzPSMy5zOaN21rsIMc","action":"SyncServerConnectionManagerRequest", "result":"SYNC_SERVER_ERROR", "context":{"environment":"", "error_type":"http_status_code", "error_value":"400", "migrationStage":"", "server":""}}
{"logTime": "0527/122350", "correlationVector":"LIkjbAFkHRgOF8q4Kxr2Yx","action":"Normal GetUpdate request", "result":"", "context":cV=LIkjbAFkHRgOF8q4Kxr2Yx
Refresh requested types: Device Info, User Consents, Send Tab To Self, Encryption Keys}
{"logTime": "0527/122350", "correlationVector":"LIkjbAFkHRgOF8q4Kxr2Yx.1","action":"SyncServerConnectionManagerRequest", "result":"SYNC_SERVER_OK", "context":{"environment":"Prod_SoutheastAsia_000j", "migrationStage":"NotStarted", "server":"GENERAL0300000U"}}
{"logTime": "0527/122350", "correlationVector":"LIkjbAFkHRgOF8q4Kxr2Yx.2","action":"GetUpdates Response", "result":"Success", "context":Received 0 update(s). cV=LIkjbAFkHRgOF8q4Kxr2Yx.0;server=GENERAL0300000U;cloudType=Consumer;environment=Prod_SoutheastAsia_000j;migrationStage=NotStarted}
{"logTime": "0527/122829", "correlationVector":"/zFPWbG041A/SJ7g0beDBU.1","action":"SyncServerConnectionManagerRequest", "result":"SYNC_SERVER_OK", "context":{"environment":"Prod_SoutheastAsia_000j", "migrationStage":"NotStarted", "server":"GENERAL03000012"}}
{"logTime": "0527/122829", "correlationVector":"/zFPWbG041A/SJ7g0beDBU","action":"Initial GetUpdates", "result":"", "context":Reason: NEW_CLIENT. cV=/zFPWbG041A/SJ7g0beDBU}
{"logTime": "0527/122829", "correlationVector":"/zFPWbG041A/SJ7g0beDBU.2","action":"GetUpdates Response", "result":"Success", "context":Received 1 update(s). cV=/zFPWbG041A/SJ7g0beDBU.0;server=GENERAL03000012;cloudType=Consumer;environment=Prod_SoutheastAsia_000j;migrationStage=NotStarted}
{"logTime": "0527/122829", "correlationVector":"wjqQeK8uPfHqb35RP5c77q","action":"Normal GetUpdate request", "result":"", "context":cV=wjqQeK8uPfHqb35RP5c77q
Refresh requested types: Device Info, User Consents, Send Tab To Self, Encryption Keys}
{"logTime": "0527/122829", "correlationVector":"wjqQeK8uPfHqb35RP5c77q.1","action":"SyncServerConnectionManagerRequest", "result":"SYNC_SERVER_OK", "context":{"environment":"Prod_SoutheastAsia_000j", "migrationStage":"NotStarted", "server":"GENERAL0300000V"}}
{"logTime": "0527/122829", "correlationVector":"wjqQeK8uPfHqb35RP5c77q.2","action":"GetUpdates Response", "result":"Success", "context":Received 0 update(s). cV=wjqQeK8uPfHqb35RP5c77q.0;server=GENERAL0300000V;cloudType=Consumer;environment=Prod_SoutheastAsia_000j;migrationStage=NotStarted}
{"logTime": "0527/123317", "correlationVector":"bEzmP862EfvZqAJc8CbL5k","action":"SyncServerConnectionManagerRequest", "result":"SYNC_SERVER_ERROR", "context":{"environment":"", "error_type":"http_status_code", "error_value":"400", "migrationStage":"", "server":""}}
{"logTime": "0527/123317", "correlationVector":"Ip0JbnONu6GxN1OdR6g7sY","action":"Normal GetUpdate request", "result":"", "context":cV=Ip0JbnONu6GxN1OdR6g7sY
Refresh requested types: Device Info, User Consents, Send Tab To Self, Encryption Keys}
{"logTime": "0527/123318", "correlationVector":"Ip0JbnONu6GxN1OdR6g7sY.1","action":"SyncServerConnectionManagerRequest", "result":"SYNC_SERVER_OK", "context":{"environment":"Prod_SoutheastAsia_000j", "migrationStage":"NotStarted", "server":"GENERAL0300001O"}}
{"logTime": "0527/123318", "correlationVector":"Ip0JbnONu6GxN1OdR6g7sY.2","action":"GetUpdates Response", "result":"Success", "context":Received 0 update(s). cV=Ip0JbnONu6GxN1OdR6g7sY.0;server=GENERAL0300001O;cloudType=Consumer;environment=Prod_SoutheastAsia_000j;migrationStage=NotStarted}
{"logTime": "0527/123745", "correlationVector":"ItyF79eetbU8lRzON7zw7Y.1","action":"SyncServerConnectionManagerRequest", "result":"SYNC_SERVER_OK", "context":{"environment":"Prod_SoutheastAsia_000j", "migrationStage":"NotStarted", "server":"GENERAL0100000R"}}
{"logTime": "0527/123745", "correlationVector":"ItyF79eetbU8lRzON7zw7Y","action":"Initial GetUpdates", "result":"", "context":Reason: NEW_CLIENT. cV=ItyF79eetbU8lRzON7zw7Y}
{"logTime": "0527/123745", "correlationVector":"ItyF79eetbU8lRzON7zw7Y.2","action":"GetUpdates Response", "result":"Success", "context":Received 1 update(s). cV=ItyF79eetbU8lRzON7zw7Y.0;server=GENERAL0100000R;cloudType=Consumer;environment=Prod_SoutheastAsia_000j;migrationStage=NotStarted}
{"logTime": "0527/123745", "correlationVector":"9RqWERJ1635VCTSEGl5Gnz","action":"Normal GetUpdate request", "result":"", "context":cV=9RqWERJ1635VCTSEGl5Gnz
Refresh requested types: Device Info, User Consents, Send Tab To Self, Encryption Keys}
{"logTime": "0527/123745", "correlationVector":"9RqWERJ1635VCTSEGl5Gnz.1","action":"SyncServerConnectionManagerRequest", "result":"SYNC_SERVER_OK", "context":{"environment":"Prod_SoutheastAsia_000j", "migrationStage":"NotStarted", "server":"general0100000I"}}
{"logTime": "0527/123745", "correlationVector":"9RqWERJ1635VCTSEGl5Gnz.2","action":"GetUpdates Response", "result":"Success", "context":Received 0 update(s). cV=9RqWERJ1635VCTSEGl5Gnz.0;server=general0100000I;cloudType=Consumer;environment=Prod_SoutheastAsia_000j;migrationStage=NotStarted}
{"logTime": "0527/124239", "correlationVector":"kIkQx8iW4JXeJ0XBG4pp3q","action":"SyncServerConnectionManagerRequest", "result":"SYNC_SERVER_ERROR", "context":{"environment":"", "error_type":"http_status_code", "error_value":"400", "migrationStage":"", "server":""}}
{"logTime": "0527/124239", "correlationVector":"nDihFIO7GGYEDBR+L85JDU","action":"Normal GetUpdate request", "result":"", "context":cV=nDihFIO7GGYEDBR+L85JDU
Refresh requested types: Device Info, User Consents, Send Tab To Self, Encryption Keys}
{"logTime": "0527/124240", "correlationVector":"nDihFIO7GGYEDBR+L85JDU.1","action":"SyncServerConnectionManagerRequest", "result":"SYNC_SERVER_OK", "context":{"environment":"Prod_SoutheastAsia_000j", "migrationStage":"NotStarted", "server":"general0100000I"}}
{"logTime": "0527/124240", "correlationVector":"nDihFIO7GGYEDBR+L85JDU.2","action":"GetUpdates Response", "result":"Success", "context":Received 0 update(s). cV=nDihFIO7GGYEDBR+L85JDU.0;server=general0100000I;cloudType=Consumer;environment=Prod_SoutheastAsia_000j;migrationStage=NotStarted}
{"logTime": "0527/125029", "correlationVector":"EZKg+dYFbjsQAd5Vo4WtNw.1","action":"SyncServerConnectionManagerRequest", "result":"SYNC_SERVER_OK", "context":{"environment":"Prod_SoutheastAsia_000j", "migrationStage":"NotStarted", "server":"GENERAL03000005"}}
{"logTime": "0527/125029", "correlationVector":"EZKg+dYFbjsQAd5Vo4WtNw","action":"Initial GetUpdates", "result":"", "context":Reason: NEW_CLIENT. cV=EZKg+dYFbjsQAd5Vo4WtNw}
{"logTime": "0527/125029", "correlationVector":"EZKg+dYFbjsQAd5Vo4WtNw.2","action":"GetUpdates Response", "result":"Success", "context":Received 1 update(s). cV=EZKg+dYFbjsQAd5Vo4WtNw.0;server=GENERAL03000005;cloudType=Consumer;environment=Prod_SoutheastAsia_000j;migrationStage=NotStarted}
{"logTime": "0527/125029", "correlationVector":"vVf18lRtxsNqVzpfQs5wHJ","action":"Normal GetUpdate request", "result":"", "context":cV=vVf18lRtxsNqVzpfQs5wHJ
Refresh requested types: Device Info, User Consents, Send Tab To Self, Encryption Keys}
{"logTime": "0527/125029", "correlationVector":"vVf18lRtxsNqVzpfQs5wHJ.1","action":"SyncServerConnectionManagerRequest", "result":"SYNC_SERVER_OK", "context":{"environment":"Prod_SoutheastAsia_000j", "migrationStage":"NotStarted", "server":"GENERAL0100000C"}}
{"logTime": "0527/125029", "correlationVector":"vVf18lRtxsNqVzpfQs5wHJ.2","action":"GetUpdates Response", "result":"Success", "context":Received 0 update(s). cV=vVf18lRtxsNqVzpfQs5wHJ.0;server=GENERAL0100000C;cloudType=Consumer;environment=Prod_SoutheastAsia_000j;migrationStage=NotStarted}
{"logTime": "0527/125511", "correlationVector":"","action":"SyncServerConnectionManagerRequest", "result":"CONNECTION_UNAVAILABLE", "context":{"error_type":"net_error_code", "error_value":"-105"}}
{"logTime": "0527/125511", "correlationVector":"mZLVDp/ZSCTU2rQtVxcm9E","action":"Normal GetUpdate request", "result":"", "context":cV=mZLVDp/ZSCTU2rQtVxcm9E
Refresh requested types: Device Info, User Consents, Send Tab To Self, Encryption Keys}
{"logTime": "0527/125512", "correlationVector":"mZLVDp/ZSCTU2rQtVxcm9E","action":"SyncServerConnectionManagerRequest", "result":"CONNECTION_UNAVAILABLE", "context":{"error_type":"net_error_code", "error_value":"-106"}}
{"logTime": "0527/125512", "correlationVector":"WeGl27QE3B3gAaoaH8PYru.0","action":"GetUpdates Response", "result":"Network error (ERR_INTERNET_DISCONNECTED)", "context":Received error: Network error (ERR_INTERNET_DISCONNECTED). }
{"logTime": "0527/125626", "correlationVector":"WeGl27QE3B3gAaoaH8PYru.0","action":"SyncServerConnectionManagerRequest", "result":"CONNECTION_UNAVAILABLE", "context":{"error_type":"net_error_code", "error_value":"-106"}}
{"logTime": "0527/125626", "correlationVector":"7ItCwvCKgLlQBej6Y9Phnr","action":"Normal GetUpdate request", "result":"", "context":cV=7ItCwvCKgLlQBej6Y9Phnr
Refresh requested types: Device Info, User Consents, Send Tab To Self, Encryption Keys}
{"logTime": "0527/125626", "correlationVector":"7ItCwvCKgLlQBej6Y9Phnr","action":"SyncServerConnectionManagerRequest", "result":"CONNECTION_UNAVAILABLE", "context":{"error_type":"net_error_code", "error_value":"-106"}}
{"logTime": "0527/125626", "correlationVector":"n9cWkUwdYmAtFF8MldjnwA.0","action":"GetUpdates Response", "result":"Network error (ERR_INTERNET_DISCONNECTED)", "context":Received error: Network error (ERR_INTERNET_DISCONNECTED). }
{"logTime": "0527/125933", "correlationVector":"n9cWkUwdYmAtFF8MldjnwA.0","action":"SyncServerConnectionManagerRequest", "result":"CONNECTION_UNAVAILABLE", "context":{"error_type":"net_error_code", "error_value":"-106"}}
{"logTime": "0527/125933", "correlationVector":"VZkSvJkgfXyWrUOWm8XJ+d","action":"Normal GetUpdate request", "result":"", "context":cV=VZkSvJkgfXyWrUOWm8XJ+d
Refresh requested types: Device Info, User Consents, Send Tab To Self, Encryption Keys}
{"logTime": "0527/125933", "correlationVector":"VZkSvJkgfXyWrUOWm8XJ+d","action":"SyncServerConnectionManagerRequest", "result":"CONNECTION_UNAVAILABLE", "context":{"error_type":"net_error_code", "error_value":"-106"}}
{"logTime": "0527/125933", "correlationVector":"otQIO8BPtknnDeIuYq2Au1.0","action":"GetUpdates Response", "result":"Network error (ERR_INTERNET_DISCONNECTED)", "context":Received error: Network error (ERR_INTERNET_DISCONNECTED). }
{"logTime": "0527/130415", "correlationVector":"otQIO8BPtknnDeIuYq2Au1.0","action":"SyncServerConnectionManagerRequest", "result":"CONNECTION_UNAVAILABLE", "context":{"error_type":"net_error_code", "error_value":"-106"}}
{"logTime": "0527/130415", "correlationVector":"eypjSjwn+Ko2S26zo1PsIf","action":"Normal GetUpdate request", "result":"", "context":cV=eypjSjwn+Ko2S26zo1PsIf
Refresh requested types: Device Info, User Consents, Send Tab To Self, Encryption Keys}
{"logTime": "0527/130415", "correlationVector":"eypjSjwn+Ko2S26zo1PsIf","action":"SyncServerConnectionManagerRequest", "result":"CONNECTION_UNAVAILABLE", "context":{"error_type":"net_error_code", "error_value":"-106"}}
{"logTime": "0527/130415", "correlationVector":"HTBhUFoYcqbNEvTP3++iWb.0","action":"GetUpdates Response", "result":"Network error (ERR_INTERNET_DISCONNECTED)", "context":Received error: Network error (ERR_INTERNET_DISCONNECTED). }
{"logTime": "0527/142639", "correlationVector":"r24+PKpyyz8skadDaAwWxw.1","action":"SyncServerConnectionManagerRequest", "result":"SYNC_SERVER_OK", "context":{"environment":"Prod_SoutheastAsia_000j", "migrationStage":"NotStarted", "server":"GENERAL03000013"}}
{"logTime": "0527/142639", "correlationVector":"r24+PKpyyz8skadDaAwWxw","action":"Initial GetUpdates", "result":"", "context":Reason: NEW_CLIENT. cV=r24+PKpyyz8skadDaAwWxw}
{"logTime": "0527/142639", "correlationVector":"r24+PKpyyz8skadDaAwWxw.2","action":"GetUpdates Response", "result":"Success", "context":Received 1 update(s). cV=r24+PKpyyz8skadDaAwWxw.0;server=GENERAL03000013;cloudType=Consumer;environment=Prod_SoutheastAsia_000j;migrationStage=NotStarted}
{"logTime": "0527/142639", "correlationVector":"fzneeEOsNMHwOf5caNjx1L","action":"Normal GetUpdate request", "result":"", "context":cV=fzneeEOsNMHwOf5caNjx1L
Refresh requested types: Device Info, User Consents, Send Tab To Self, Encryption Keys}
{"logTime": "0527/142639", "correlationVector":"fzneeEOsNMHwOf5caNjx1L.1","action":"SyncServerConnectionManagerRequest", "result":"SYNC_SERVER_OK", "context":{"environment":"Prod_SoutheastAsia_000j", "migrationStage":"NotStarted", "server":"GENERAL03000002"}}
{"logTime": "0527/142639", "correlationVector":"fzneeEOsNMHwOf5caNjx1L.2","action":"GetUpdates Response", "result":"Success", "context":Received 1 update(s). cV=fzneeEOsNMHwOf5caNjx1L.0;server=GENERAL03000002;cloudType=Consumer;environment=Prod_SoutheastAsia_000j;migrationStage=NotStarted}
{"logTime": "0527/143123", "correlationVector":"W3/wuSmTQ+nY6YEusUBCrl","action":"SyncServerConnectionManagerRequest", "result":"SYNC_SERVER_ERROR", "context":{"environment":"", "error_type":"http_status_code", "error_value":"400", "migrationStage":"", "server":""}}
{"logTime": "0527/143123", "correlationVector":"eA3m1j650Cvyrw9PGOfye7","action":"Normal GetUpdate request", "result":"", "context":cV=eA3m1j650Cvyrw9PGOfye7
Refresh requested types: Device Info, User Consents, Send Tab To Self, Encryption Keys}
{"logTime": "0527/143124", "correlationVector":"eA3m1j650Cvyrw9PGOfye7.1","action":"SyncServerConnectionManagerRequest", "result":"SYNC_SERVER_OK", "context":{"environment":"Prod_SoutheastAsia_000j", "migrationStage":"NotStarted", "server":"GENERAL0300001B"}}
{"logTime": "0527/143124", "correlationVector":"eA3m1j650Cvyrw9PGOfye7.2","action":"GetUpdates Response", "result":"Success", "context":Received 0 update(s). cV=eA3m1j650Cvyrw9PGOfye7.0;server=GENERAL0300001B;cloudType=Consumer;environment=Prod_SoutheastAsia_000j;migrationStage=NotStarted}
{"logTime": "0527/143623", "correlationVector":"X7vts50XGO2HtIHSOScvar","action":"SyncServerConnectionManagerRequest", "result":"SYNC_SERVER_ERROR", "context":{"environment":"", "error_type":"http_status_code", "error_value":"400", "migrationStage":"", "server":""}}
{"logTime": "0527/143623", "correlationVector":"W1WRzDVy7BEcWIvE7hy2Bj","action":"Normal GetUpdate request", "result":"", "context":cV=W1WRzDVy7BEcWIvE7hy2Bj
Refresh requested types: Device Info, User Consents, Send Tab To Self, Encryption Keys}
{"logTime": "0527/143624", "correlationVector":"W1WRzDVy7BEcWIvE7hy2Bj.1","action":"SyncServerConnectionManagerRequest", "result":"SYNC_SERVER_OK", "context":{"environment":"Prod_SoutheastAsia_000j", "migrationStage":"NotStarted", "server":"GENERAL03000025"}}
{"logTime": "0527/143624", "correlationVector":"W1WRzDVy7BEcWIvE7hy2Bj.2","action":"GetUpdates Response", "result":"Success", "context":Received 0 update(s). cV=W1WRzDVy7BEcWIvE7hy2Bj.0;server=GENERAL03000025;cloudType=Consumer;environment=Prod_SoutheastAsia_000j;migrationStage=NotStarted}
{"logTime": "0527/143626", "correlationVector":"","action":"AccessTokenFetched", "result":"Same stale AccessToken is retrieved (will retry) for EdgeSyncScopeNew"}
{"logTime": "0527/143626", "correlationVector":"","action":"CredentialsChanged", "result":"Empty token for EdgeSyncScopeNew"}
